Performing C++ SOURCE FILE Test CMAKE_HAVE_LIBC_PTHREAD failed with the following output:
Change Dir: /home/momagdii/graph2/build/CMakeFiles/CMakeScratch/TryCompile-I1EZsE

Run Build Command(s):/usr/bin/make -f Makefile cmTC_f7877/fast && /usr/bin/make  -f CMakeFiles/cmTC_f7877.dir/build.make CMakeFiles/cmTC_f7877.dir/build
make[1]: Entering directory '/home/momagdii/graph2/build/CMakeFiles/CMakeScratch/TryCompile-I1EZsE'
Building CXX object CMakeFiles/cmTC_f7877.dir/src.cxx.o
/usr/bin/c++ -DCMAKE_HAVE_LIBC_PTHREAD   -o CMakeFiles/cmTC_f7877.dir/src.cxx.o -c /home/momagdii/graph2/build/CMakeFiles/CMakeScratch/TryCompile-I1EZsE/src.cxx
Linking CXX executable cmTC_f7877
/usr/local/bin/cmake -E cmake_link_script CMakeFiles/cmTC_f7877.dir/link.txt --verbose=1
/usr/bin/c++ CMakeFiles/cmTC_f7877.dir/src.cxx.o -o cmTC_f7877 
CMakeFiles/cmTC_f7877.dir/src.cxx.o: In function `main':
src.cxx:(.text+0x3e): undefined reference to `pthread_create'
src.cxx:(.text+0x4a): undefined reference to `pthread_detach'
src.cxx:(.text+0x56): undefined reference to `pthread_cancel'
src.cxx:(.text+0x67): undefined reference to `pthread_join'
src.cxx:(.text+0x7b): undefined reference to `pthread_atfork'
collect2: error: ld returned 1 exit status
CMakeFiles/cmTC_f7877.dir/build.make:98: recipe for target 'cmTC_f7877' failed
make[1]: *** [cmTC_f7877] Error 1
make[1]: Leaving directory '/home/momagdii/graph2/build/CMakeFiles/CMakeScratch/TryCompile-I1EZsE'
Makefile:127: recipe for target 'cmTC_f7877/fast' failed
make: *** [cmTC_f7877/fast] Error 2


Source file was:
#include <pthread.h>

static void* test_func(void* data)
{
  return data;
}

int main(void)
{
  pthread_t thread;
  pthread_create(&thread, NULL, test_func, NULL);
  pthread_detach(thread);
  pthread_cancel(thread);
  pthread_join(thread, NULL);
  pthread_atfork(NULL, NULL, NULL);
  pthread_exit(NULL);

  return 0;
}


Determining if the function pthread_create exists in the pthreads failed with the following output:
Change Dir: /home/momagdii/graph2/build/CMakeFiles/CMakeScratch/TryCompile-DtTBxD

Run Build Command(s):/usr/bin/make -f Makefile cmTC_2f0e1/fast && /usr/bin/make  -f CMakeFiles/cmTC_2f0e1.dir/build.make CMakeFiles/cmTC_2f0e1.dir/build
make[1]: Entering directory '/home/momagdii/graph2/build/CMakeFiles/CMakeScratch/TryCompile-DtTBxD'
Building CXX object CMakeFiles/cmTC_2f0e1.dir/CheckFunctionExists.cxx.o
/usr/bin/c++   -DCHECK_FUNCTION_EXISTS=pthread_create -o CMakeFiles/cmTC_2f0e1.dir/CheckFunctionExists.cxx.o -c /home/momagdii/graph2/build/CMakeFiles/CMakeScratch/TryCompile-DtTBxD/CheckFunctionExists.cxx
Linking CXX executable cmTC_2f0e1
/usr/local/bin/cmake -E cmake_link_script CMakeFiles/cmTC_2f0e1.dir/link.txt --verbose=1
/usr/bin/c++  -DCHECK_FUNCTION_EXISTS=pthread_create CMakeFiles/cmTC_2f0e1.dir/CheckFunctionExists.cxx.o -o cmTC_2f0e1  -lpthreads 
/usr/bin/ld: cannot find -lpthreads
collect2: error: ld returned 1 exit status
CMakeFiles/cmTC_2f0e1.dir/build.make:98: recipe for target 'cmTC_2f0e1' failed
make[1]: *** [cmTC_2f0e1] Error 1
make[1]: Leaving directory '/home/momagdii/graph2/build/CMakeFiles/CMakeScratch/TryCompile-DtTBxD'
Makefile:127: recipe for target 'cmTC_2f0e1/fast' failed
make: *** [cmTC_2f0e1/fast] Error 2



Determining if the pthread_create exist failed with the following output:
Change Dir: /home/momagdii/graph2/build/CMakeFiles/CMakeTmp

Run Build Command:"/usr/bin/make" "cmTC_23b1e/fast"
/usr/bin/make -f CMakeFiles/cmTC_23b1e.dir/build.make CMakeFiles/cmTC_23b1e.dir/build
make[1]: Entering directory '/home/momagdii/graph2/build/CMakeFiles/CMakeTmp'
Building CXX object CMakeFiles/cmTC_23b1e.dir/CheckSymbolExists.cxx.o
/usr/bin/c++     -o CMakeFiles/cmTC_23b1e.dir/CheckSymbolExists.cxx.o -c /home/momagdii/graph2/build/CMakeFiles/CMakeTmp/CheckSymbolExists.cxx
Linking CXX executable cmTC_23b1e
/usr/bin/cmake -E cmake_link_script CMakeFiles/cmTC_23b1e.dir/link.txt --verbose=1
/usr/bin/c++       CMakeFiles/cmTC_23b1e.dir/CheckSymbolExists.cxx.o  -o cmTC_23b1e 
CMakeFiles/cmTC_23b1e.dir/CheckSymbolExists.cxx.o: In function `main':
CheckSymbolExists.cxx:(.text+0x1b): undefined reference to `pthread_create'
collect2: error: ld returned 1 exit status
CMakeFiles/cmTC_23b1e.dir/build.make:97: recipe for target 'cmTC_23b1e' failed
make[1]: *** [cmTC_23b1e] Error 1
make[1]: Leaving directory '/home/momagdii/graph2/build/CMakeFiles/CMakeTmp'
Makefile:126: recipe for target 'cmTC_23b1e/fast' failed
make: *** [cmTC_23b1e/fast] Error 2

File /home/momagdii/graph2/build/CMakeFiles/CMakeTmp/CheckSymbolExists.cxx:
/* */
#include <pthread.h>

int main(int argc, char** argv)
{
  (void)argv;
#ifndef pthread_create
  return ((int*)(&pthread_create))[argc];
#else
  (void)argc;
  return 0;
#endif
}

